<?xml version="1.0" encoding="UTF-8"?>
<!-- Generated by org.testng.reporters.JUnitReportReporter -->
<testsuite name="com.api.testing.basics1" tests="1" time="2.259" ignored="0" failures="0" timestamp="13 Aug 2017 13:38:10 GMT" skipped="0" hostname="DESKTOP-PCC37BG" errors="0">
  <testcase name="main" time="2.259" classname="com.api.testing.basics1"/>
</testsuite> <!-- com.api.testing.basics1 -->
