<?xml version="1.0" encoding="UTF-8"?>
<!-- Generated by org.testng.reporters.JUnitReportReporter -->
<testsuite name="com.api.testing.basics2post" tests="1" time="2.090" ignored="0" failures="0" timestamp="13 Aug 2017 18:42:04 GMT" skipped="0" hostname="DESKTOP-PCC37BG" errors="0">
  <testcase name="postrequest" time="2.090" classname="com.api.testing.basics2post"/>
</testsuite> <!-- com.api.testing.basics2post -->
